2024-12-03 08:06:45,989 [INFO] Activator:176 - 


2024-12-03 08:06:45,992 [INFO] Activator:177 - !SESSION log4j initialized
2024-12-03 08:06:47,220 [ERROR] LogOutputStream:75 - [STDERR_REDIRECT] 
2024-12-03 08:06:48,874 [INFO] LogOutputStream:77 - [STDOUT_REDIRECT] 
2024-12-03 08:06:51,241 [INFO] ApplicationProperties:184 - Using Application install path: /Applications/STM32CubeIDE.app/Contents/Eclipse/plugins/com.st.stm32cube.common.mx_6.12.1.202409122256
2024-12-03 08:06:51,280 [INFO] DbMcusXml:78 - Set database path to: /Applications/STM32CubeIDE.app/Contents/Eclipse/plugins/com.st.stm32cube.common.mx_6.12.1.202409122256//db//mcu/
2024-12-03 08:06:51,281 [INFO] ApiDb:274 - Set plugin database path to: /Applications/STM32CubeIDE.app/Contents/Eclipse/plugins/com.st.stm32cube.common.mx_6.12.1.202409122256//db//plugins/boardmanager/
2024-12-03 08:06:51,281 [WARN] ApiDb:259 - Overriding images path with different value:  => /Applications/STM32CubeIDE.app/Contents/Eclipse/plugins/com.st.stm32cube.common.mx_6.12.1.202409122256//db//plugins/mcufinder/images/
2024-12-03 08:06:51,291 [INFO] ApiDb:250 - Set database path to: /Users/jolan/.stmcufinder/plugins/mcufinder//mcu/
2024-12-03 08:06:51,293 [INFO] DbMcusAds:125 - Set database path to: /Users/jolan/.stmcufinder/plugins/mcufinder//mcu/
2024-12-03 08:06:51,298 [INFO] CrossReferenceDbSqlite:203 - Set database path to: /Users/jolan/.stmcufinder/plugins/mcufinder//mcu/cs/
2024-12-03 08:06:51,563 [INFO] RulesReader:64 - Compatibility file has been processed (297 Rules)
2024-12-03 08:06:51,815 [INFO] DbMcusXml:78 - Set database path to: /Applications/STM32CubeIDE.app/Contents/Eclipse/plugins/com.st.stm32cube.common.mx_6.12.1.202409122256//db//mcu/
2024-12-03 08:06:51,816 [INFO] ApiDb:274 - Set plugin database path to: /Applications/STM32CubeIDE.app/Contents/Eclipse/plugins/com.st.stm32cube.common.mx_6.12.1.202409122256//db//plugins/boardmanager/
2024-12-03 08:06:51,816 [INFO] ApiDb:261 - Set plugin images path to: /Applications/STM32CubeIDE.app/Contents/Eclipse/plugins/com.st.stm32cube.common.mx_6.12.1.202409122256//db//plugins/mcufinder/images/
2024-12-03 08:06:51,816 [WARN] DbFile:41 - Overriding database path with different value: /Users/jolan/.stmcufinder/plugins/mcufinder/ => /Users/jolan/.stmcufinder/plugins/mcufinder
2024-12-03 08:06:51,816 [INFO] ApiDb:250 - Set database path to: /Users/jolan/.stmcufinder/plugins/mcufinder//mcu/
2024-12-03 08:06:51,817 [WARN] DbFile:41 - Overriding database path with different value: /Users/jolan/.stmcufinder/plugins/mcufinder/ => /Users/jolan/.stmcufinder/plugins/mcufinder
2024-12-03 08:06:51,817 [INFO] DbMcusAds:125 - Set database path to: /Users/jolan/.stmcufinder/plugins/mcufinder//mcu/
2024-12-03 08:06:51,817 [WARN] DbFile:41 - Overriding database path with different value: /Users/jolan/.stmcufinder/plugins/mcufinder/ => /Users/jolan/.stmcufinder/plugins/mcufinder
2024-12-03 08:06:51,817 [WARN] DbFile:41 - Overriding database path with different value: /Users/jolan/.stmcufinder/plugins/mcufinder/ => /Users/jolan/.stmcufinder/plugins/mcufinder
2024-12-03 08:06:51,817 [INFO] CrossReferenceDbSqlite:203 - Set database path to: /Users/jolan/.stmcufinder/plugins/mcufinder//mcu/cs/
2024-12-03 08:06:52,021 [INFO] MainPanel:268 - HeapMemory: 268435456
2024-12-03 08:06:52,537 [INFO] DbMcusXml:78 - Set database path to: /Applications/STM32CubeIDE.app/Contents/Eclipse/plugins/com.st.stm32cube.common.mx_6.12.1.202409122256//db//mcu/
2024-12-03 08:06:52,537 [INFO] ApiDb:274 - Set plugin database path to: /Applications/STM32CubeIDE.app/Contents/Eclipse/plugins/com.st.stm32cube.common.mx_6.12.1.202409122256//db//plugins/boardmanager/
2024-12-03 08:06:52,537 [INFO] ApiDb:261 - Set plugin images path to: /Applications/STM32CubeIDE.app/Contents/Eclipse/plugins/com.st.stm32cube.common.mx_6.12.1.202409122256//db//plugins/mcufinder/images/
2024-12-03 08:06:52,538 [WARN] DbFile:41 - Overriding database path with different value: /Users/jolan/.stmcufinder/plugins/mcufinder/ => /Users/jolan/.stmcufinder/plugins/mcufinder
2024-12-03 08:06:52,538 [INFO] ApiDb:250 - Set database path to: /Users/jolan/.stmcufinder/plugins/mcufinder//mcu/
2024-12-03 08:06:52,538 [WARN] DbFile:41 - Overriding database path with different value: /Users/jolan/.stmcufinder/plugins/mcufinder/ => /Users/jolan/.stmcufinder/plugins/mcufinder
2024-12-03 08:06:52,538 [INFO] DbMcusAds:125 - Set database path to: /Users/jolan/.stmcufinder/plugins/mcufinder//mcu/
2024-12-03 08:06:52,539 [WARN] DbFile:41 - Overriding database path with different value: /Users/jolan/.stmcufinder/plugins/mcufinder/ => /Users/jolan/.stmcufinder/plugins/mcufinder
2024-12-03 08:06:52,539 [WARN] DbFile:41 - Overriding database path with different value: /Users/jolan/.stmcufinder/plugins/mcufinder/ => /Users/jolan/.stmcufinder/plugins/mcufinder
2024-12-03 08:06:52,539 [INFO] CrossReferenceDbSqlite:203 - Set database path to: /Users/jolan/.stmcufinder/plugins/mcufinder//mcu/cs/
2024-12-03 08:06:52,567 [INFO] ApplicationProperties:184 - Using Application install path: /Applications/STM32CubeIDE.app/Contents/Eclipse/plugins/com.st.stm32cube.common.mx_6.12.1.202409122256
2024-12-03 08:06:52,569 [INFO] PluginManage:196 - Search for loadable plugins [exclusion list=, ]
2024-12-03 08:06:52,572 [INFO] PluginManage:310 - Check plugin analytics
2024-12-03 08:06:52,975 [INFO] AnalyticsPlugin:253 - Accepted Software Licenses: 
2024-12-03 08:06:52,975 [INFO] AnalyticsPlugin:255 - Accepted CMSIS Pack Licenses: 
2024-12-03 08:06:52,976 [INFO] AnalyticsPlugin:257 - Accepted Firmware Licenses: FW.F4.1.27.0,FW.H7.1.11.0,FW.G4.1.5.0
2024-12-03 08:06:52,985 [INFO] PluginManage:359 - Loaded plugin analytics (category:tool,tabindex:-1)
2024-12-03 08:06:52,985 [INFO] PluginManage:310 - Check plugin cadmodel
2024-12-03 08:06:52,993 [INFO] CADModel:105 - Init CAD model plugin
2024-12-03 08:06:52,994 [INFO] PluginManage:359 - Loaded plugin cadmodel (category:power,tabindex:5)
2024-12-03 08:06:52,994 [INFO] PluginManage:310 - Check plugin clock
2024-12-03 08:06:53,014 [INFO] PluginManage:359 - Loaded plugin clock (category:base,tabindex:2)
2024-12-03 08:06:53,014 [INFO] PluginManage:310 - Check plugin ddr
2024-12-03 08:06:53,019 [INFO] PluginManage:359 - Loaded plugin ddr (category:tool,tabindex:6)
2024-12-03 08:06:53,020 [INFO] PluginManage:310 - Check plugin filemanager
2024-12-03 08:06:53,307 [INFO] PluginManage:359 - Loaded plugin filemanager (category:base,tabindex:10)
2024-12-03 08:06:53,307 [INFO] PluginManage:310 - Check plugin ipmanager
2024-12-03 08:06:53,322 [INFO] PluginManage:359 - Loaded plugin ipmanager (category:base,tabindex:5)
2024-12-03 08:06:53,323 [INFO] PluginManage:310 - Check plugin lpbam
2024-12-03 08:06:53,344 [INFO] PluginManage:359 - Loaded plugin lpbam (category:base,tabindex:0)
2024-12-03 08:06:53,345 [INFO] PluginManage:310 - Check plugin memorymap
2024-12-03 08:06:53,371 [INFO] PluginManage:359 - Loaded plugin memorymap (category:base,tabindex:4)
2024-12-03 08:06:53,372 [INFO] PluginManage:310 - Check plugin pinoutandconfiguration
2024-12-03 08:06:53,386 [INFO] PluginManage:359 - Loaded plugin pinoutandconfiguration (category:base,tabindex:1)
2024-12-03 08:06:53,386 [INFO] PluginManage:310 - Check plugin pinoutconfig
2024-12-03 08:06:53,548 [WARN] SupportedApi:132 - Cannot load RTOS API schema: s4s-elt-must-match.1: The content of 'definitions' must match (annotation?, (simpleType | complexType)?, (unique | key | keyref)*)). A problem was found starting at: attribute.
2024-12-03 08:06:53,800 [INFO] PluginManage:359 - Loaded plugin pinoutconfig (category:base,tabindex:0)
2024-12-03 08:06:53,800 [INFO] PluginManage:310 - Check plugin power
2024-12-03 08:06:53,818 [INFO] PluginManage:359 - Loaded plugin power (category:power,tabindex:4)
2024-12-03 08:06:53,818 [INFO] PluginManage:310 - Check plugin projectmanager
2024-12-03 08:06:53,884 [INFO] PluginManage:359 - Loaded plugin projectmanager (category:projectmanager,tabindex:4)
2024-12-03 08:06:53,893 [INFO] PluginManage:310 - Check plugin rif
2024-12-03 08:06:53,933 [INFO] PluginManage:359 - Loaded plugin rif (category:base,tabindex:3)
2024-12-03 08:06:53,934 [INFO] PluginManage:310 - Check plugin thirdparty
2024-12-03 08:06:54,356 [INFO] PluginManage:359 - Loaded plugin thirdparty (category:base,tabindex:-1)
2024-12-03 08:06:54,356 [WARN] IntegrityCheckThread:84 - waiting for thirdparty lock release [integrity check]
2024-12-03 08:06:54,357 [INFO] IntegrityCheckThread:86 - entering critical section [integrity check]
2024-12-03 08:06:54,357 [INFO] PluginManage:310 - Check plugin tools
2024-12-03 08:06:54,357 [INFO] ThirdPartyUpdaterWithRetryManager:70 - Updater plugin not ready yet. [1/15]
2024-12-03 08:06:54,360 [INFO] PluginManage:359 - Loaded plugin tools (category:base,tabindex:7)
2024-12-03 08:06:54,361 [INFO] PluginManage:310 - Check plugin tutovideos
2024-12-03 08:06:54,813 [INFO] PluginManage:359 - Loaded plugin tutovideos (category:base,tabindex:-1)
2024-12-03 08:06:54,814 [INFO] PluginManage:310 - Check plugin updater
2024-12-03 08:06:54,850 [INFO] PluginManage:359 - Loaded plugin updater (category:base,tabindex:12)
2024-12-03 08:06:54,850 [INFO] PluginManage:310 - Check plugin userauth
2024-12-03 08:06:54,861 [INFO] UserAuth:113 - Init User Auth plugin
2024-12-03 08:06:54,861 [INFO] PluginManage:359 - Loaded plugin userauth (category:base,tabindex:14)
2024-12-03 08:06:54,862 [INFO] PluginManage:283 - PluginManage : Loaded plugins [18]
2024-12-03 08:06:55,272 [INFO] PinOutPanel:1561 - setPackage(No Configuration,No Configuration)
2024-12-03 08:06:55,496 [INFO] CADModel:165 - CPN selected for project level
2024-12-03 08:06:55,496 [INFO] CADModel:114 - Register for checkConnection events
2024-12-03 08:06:55,518 [INFO] IPUIPlugin:80 - create IPUIPlugin
2024-12-03 08:06:55,518 [INFO] PluginManager:220 - loadIPPluginJar : add mdma
2024-12-03 08:06:55,531 [INFO] IPUIPlugin:80 - create IPUIPlugin
2024-12-03 08:06:55,532 [INFO] PluginManager:220 - loadIPPluginJar : add freertos
2024-12-03 08:06:55,543 [INFO] IPUIPlugin:80 - create IPUIPlugin
2024-12-03 08:06:55,543 [INFO] PluginManager:220 - loadIPPluginJar : add gic
2024-12-03 08:06:55,560 [INFO] IPUIPlugin:80 - create IPUIPlugin
2024-12-03 08:06:55,560 [INFO] PluginManager:220 - loadIPPluginJar : add adc
2024-12-03 08:06:55,564 [INFO] IPUIPlugin:80 - create IPUIPlugin
2024-12-03 08:06:55,565 [INFO] PluginManager:220 - loadIPPluginJar : add gtzc
2024-12-03 08:06:55,566 [INFO] IPUIPlugin:80 - create IPUIPlugin
2024-12-03 08:06:55,567 [INFO] PluginManager:220 - loadIPPluginJar : add quadspi
2024-12-03 08:06:55,570 [INFO] IPUIPlugin:80 - create IPUIPlugin
2024-12-03 08:06:55,571 [INFO] PluginManager:220 - loadIPPluginJar : add aes
2024-12-03 08:06:55,575 [INFO] IPUIPlugin:80 - create IPUIPlugin
2024-12-03 08:06:55,576 [INFO] PluginManager:220 - loadIPPluginJar : add pdm2pcm
2024-12-03 08:06:55,580 [INFO] IPUIPlugin:80 - create IPUIPlugin
2024-12-03 08:06:55,580 [INFO] PluginManager:220 - loadIPPluginJar : add hash
2024-12-03 08:06:55,583 [INFO] IPUIPlugin:80 - create IPUIPlugin
2024-12-03 08:06:55,584 [INFO] PluginManager:220 - loadIPPluginJar : add tim
2024-12-03 08:06:55,586 [INFO] IPUIPlugin:80 - create IPUIPlugin
2024-12-03 08:06:55,586 [INFO] PluginManager:220 - loadIPPluginJar : add tsc
2024-12-03 08:06:55,591 [INFO] IPUIPlugin:80 - create IPUIPlugin
2024-12-03 08:06:55,592 [INFO] PluginManager:220 - loadIPPluginJar : add extmemmanager
2024-12-03 08:06:55,595 [INFO] IPUIPlugin:80 - create IPUIPlugin
2024-12-03 08:06:55,596 [INFO] PluginManager:220 - loadIPPluginJar : add ts
2024-12-03 08:06:55,598 [INFO] IPUIPlugin:80 - create IPUIPlugin
2024-12-03 08:06:55,599 [INFO] PluginManager:220 - loadIPPluginJar : add radio
2024-12-03 08:06:55,604 [INFO] IPUIPlugin:80 - create IPUIPlugin
2024-12-03 08:06:55,604 [INFO] PluginManager:220 - loadIPPluginJar : add can
2024-12-03 08:06:55,608 [INFO] IPUIPlugin:80 - create IPUIPlugin
2024-12-03 08:06:55,609 [INFO] PluginManager:220 - loadIPPluginJar : add dma3
2024-12-03 08:06:55,612 [INFO] IPUIPlugin:80 - create IPUIPlugin
2024-12-03 08:06:55,612 [INFO] PluginManager:220 - loadIPPluginJar : add dfsdm
2024-12-03 08:06:55,616 [INFO] IPUIPlugin:80 - create IPUIPlugin
2024-12-03 08:06:55,617 [INFO] PluginManager:220 - loadIPPluginJar : add spi
2024-12-03 08:06:55,621 [INFO] IPUIPlugin:80 - create IPUIPlugin
2024-12-03 08:06:55,621 [INFO] PluginManager:220 - loadIPPluginJar : add gfxmmu
2024-12-03 08:06:55,623 [INFO] IPUIPlugin:80 - create IPUIPlugin
2024-12-03 08:06:55,624 [INFO] PluginManager:220 - loadIPPluginJar : add genericplugin
2024-12-03 08:06:55,627 [INFO] IPUIPlugin:80 - create IPUIPlugin
2024-12-03 08:06:55,627 [INFO] PluginManager:220 - loadIPPluginJar : add cryp
2024-12-03 08:06:55,638 [INFO] IPUIPlugin:80 - create IPUIPlugin
2024-12-03 08:06:55,639 [INFO] PluginManager:220 - loadIPPluginJar : add gpio
2024-12-03 08:06:55,644 [INFO] IPUIPlugin:80 - create IPUIPlugin
2024-12-03 08:06:55,644 [INFO] PluginManager:220 - loadIPPluginJar : add ddr_ctrl_phy
2024-12-03 08:06:55,646 [INFO] IPUIPlugin:80 - create IPUIPlugin
2024-12-03 08:06:55,647 [INFO] PluginManager:220 - loadIPPluginJar : add comp
2024-12-03 08:06:55,650 [INFO] IPUIPlugin:80 - create IPUIPlugin
2024-12-03 08:06:55,650 [INFO] PluginManager:220 - loadIPPluginJar : add tracer_emb
2024-12-03 08:06:55,654 [INFO] IPUIPlugin:80 - create IPUIPlugin
2024-12-03 08:06:55,655 [INFO] PluginManager:220 - loadIPPluginJar : add openamp
2024-12-03 08:06:55,663 [INFO] IPUIPlugin:80 - create IPUIPlugin
2024-12-03 08:06:55,663 [INFO] PluginManager:220 - loadIPPluginJar : add stm32_wpan
2024-12-03 08:06:55,675 [INFO] IPUIPlugin:80 - create IPUIPlugin
2024-12-03 08:06:55,680 [INFO] PluginManager:220 - loadIPPluginJar : add plateformsettings
2024-12-03 08:06:55,687 [INFO] IPUIPlugin:80 - create IPUIPlugin
2024-12-03 08:06:55,687 [INFO] PluginManager:220 - loadIPPluginJar : add ipddr
2024-12-03 08:06:55,691 [INFO] IPUIPlugin:80 - create IPUIPlugin
2024-12-03 08:06:55,691 [INFO] PluginManager:220 - loadIPPluginJar : add usart
2024-12-03 08:06:55,694 [INFO] IPUIPlugin:80 - create IPUIPlugin
2024-12-03 08:06:55,694 [INFO] PluginManager:220 - loadIPPluginJar : add ltdc
2024-12-03 08:06:55,700 [INFO] IPUIPlugin:80 - create IPUIPlugin
2024-12-03 08:06:55,701 [INFO] PluginManager:220 - loadIPPluginJar : add nvic
2024-12-03 08:06:55,702 [INFO] IPUIPlugin:80 - create IPUIPlugin
2024-12-03 08:06:55,703 [INFO] PluginManager:220 - loadIPPluginJar : add fatfs
2024-12-03 08:06:55,716 [INFO] IPUIPlugin:80 - create IPUIPlugin
2024-12-03 08:06:55,716 [INFO] PluginManager:220 - loadIPPluginJar : add linkedlist
2024-12-03 08:06:55,726 [INFO] IPUIPlugin:80 - create IPUIPlugin
2024-12-03 08:06:55,726 [INFO] PluginManager:220 - loadIPPluginJar : add dma
2024-12-03 08:06:55,734 [INFO] IPUIPlugin:80 - create IPUIPlugin
2024-12-03 08:06:55,735 [INFO] PluginManager:220 - loadIPPluginJar : add fmc
2024-12-03 08:06:55,738 [INFO] IPUIPlugin:80 - create IPUIPlugin
2024-12-03 08:06:55,738 [INFO] PluginManager:220 - loadIPPluginJar : add i2s
2024-12-03 08:06:55,740 [INFO] IPUIPlugin:80 - create IPUIPlugin
2024-12-03 08:06:55,740 [INFO] PluginManager:220 - loadIPPluginJar : add ucpd
2024-12-03 08:06:55,744 [INFO] IPUIPlugin:80 - create IPUIPlugin
2024-12-03 08:06:55,744 [INFO] PluginManager:220 - loadIPPluginJar : add lorawan
2024-12-03 08:06:55,748 [INFO] IPUIPlugin:80 - create IPUIPlugin
2024-12-03 08:06:55,749 [INFO] PluginManager:220 - loadIPPluginJar : add opamp
2024-12-03 08:06:55,753 [INFO] IPUIPlugin:80 - create IPUIPlugin
2024-12-03 08:06:55,753 [INFO] PluginManager:220 - loadIPPluginJar : add i3c
2024-12-03 08:06:55,758 [INFO] IPUIPlugin:80 - create IPUIPlugin
2024-12-03 08:06:55,759 [INFO] PluginManager:220 - loadIPPluginJar : add touchsensing
2024-12-03 08:06:55,762 [INFO] IPUIPlugin:80 - create IPUIPlugin
2024-12-03 08:06:55,763 [INFO] PluginManager:220 - loadIPPluginJar : add i2c
2024-12-03 08:06:55,768 [INFO] IPUIPlugin:80 - create IPUIPlugin
2024-12-03 08:06:55,768 [INFO] PluginManager:220 - loadIPPluginJar : add resmgrutility
2024-12-03 08:06:55,773 [INFO] IPUIPlugin:80 - create IPUIPlugin
2024-12-03 08:06:55,773 [INFO] PluginManager:220 - loadIPPluginJar : add sai
2024-12-03 08:06:55,779 [INFO] IPUIPlugin:80 - create IPUIPlugin
2024-12-03 08:06:55,779 [INFO] PluginManager:220 - loadIPPluginJar : add usbx
2024-12-03 08:06:55,903 [INFO] CADModel:165 - CPN selected for project level
2024-12-03 08:06:55,904 [INFO] CADModel:114 - Register for checkConnection events
2024-12-03 08:06:55,904 [FATAL] Updater:334 - Updater called before beeing initialized
2024-12-03 08:06:55,904 [ERROR] CADModel:125 - Updater not yet initialized, retry later 
2024-12-03 08:06:56,159 [INFO] CADModel:165 - CPN selected for project level
2024-12-03 08:06:56,159 [INFO] CADModel:114 - Register for checkConnection events
2024-12-03 08:06:56,160 [FATAL] Updater:334 - Updater called before beeing initialized
2024-12-03 08:06:56,160 [ERROR] CADModel:125 - Updater not yet initialized, retry later 
2024-12-03 08:06:56,167 [FATAL] Updater:334 - Updater called before beeing initialized
2024-12-03 08:06:56,348 [FATAL] Updater:334 - Updater called before beeing initialized
2024-12-03 08:06:56,357 [INFO] DbMcusAds:53 - JSON generation date=Fri Sep 20 15:04:38 CEST 2024 (1726837478367)
2024-12-03 08:06:56,357 [FATAL] Updater:334 - Updater called before beeing initialized
2024-12-03 08:06:56,505 [WARN] DetailPanel:346 - Failed to get advertising image, set to default
2024-12-03 08:06:56,866 [FATAL] Updater:334 - Updater called before beeing initialized
2024-12-03 08:06:56,869 [FATAL] Updater:334 - Updater called before beeing initialized
2024-12-03 08:06:56,869 [FATAL] Updater:334 - Updater called before beeing initialized
2024-12-03 08:06:56,870 [WARN] DetailPanel:346 - Failed to get advertising image, set to default
2024-12-03 08:06:56,874 [FATAL] Updater:334 - Updater called before beeing initialized
2024-12-03 08:06:56,951 [ERROR] Updater:1164 - MainUpdater not yet initialized. External WinMGr cannot be set.
2024-12-03 08:06:56,955 [INFO] Updater:1100 - Updater Version found : 6.12.1
2024-12-03 08:06:56,995 [INFO] ApplicationProperties:184 - Using Application install path: /Applications/STM32CubeIDE.app/Contents/Eclipse/plugins/com.st.stm32cube.common.mx_6.12.1.202409122256
2024-12-03 08:06:57,361 [INFO] ThirdPartyUpdaterWithRetryManager:70 - Updater plugin not ready yet. [2/15]
2024-12-03 08:06:57,550 [INFO] MainUpdater:2873 - connection check result : 10
2024-12-03 08:06:57,551 [INFO] MainUpdater:290 - Updater Check For Update Now.
2024-12-03 08:06:57,551 [INFO] MicroXplorer:498 - Change Database Version : DB.6.0.121
2024-12-03 08:06:57,559 [INFO] McuFinderGlobals:63 - Set McuFinder mode to 2 (CubeIDE integrated)
2024-12-03 08:06:57,560 [INFO] UserAuth:417 - Internet connection configuration mode: 1
2024-12-03 08:06:57,582 [INFO] JxBrowserEngine:152 - Initiate JxBrowser Engine with user profile folder
2024-12-03 08:06:57,813 [INFO] CheckServerUpdateThread:120 - End of CheckServer Thread
2024-12-03 08:06:59,349 [INFO] WebApp:167 - Instantiating new browser for Auth
2024-12-03 08:07:01,591 [INFO] WebApp:448 - Apply proxy settings
2024-12-03 08:07:01,604 [INFO] WebApp:493 - Chromium authenticates against Manually configured proxy
2024-12-03 08:07:01,621 [INFO] WebApp:501 - Username used for proxy authentication: 
2024-12-03 08:07:01,695 [INFO] WebApp:869 - Register for checkConnection events
2024-12-03 08:07:01,696 [INFO] WebApp:448 - Apply proxy settings
2024-12-03 08:07:01,702 [INFO] WebApp:493 - Chromium authenticates against Manually configured proxy
2024-12-03 08:07:01,703 [INFO] WebApp:501 - Username used for proxy authentication: 
2024-12-03 08:07:02,255 [INFO] WebApp:220 - Starting web application
2024-12-03 08:07:02,256 [INFO] WebApp:578 - Web application path used /Applications/STM32CubeIDE.app/Contents/Eclipse/plugins/com.st.stm32cube.common.mx_6.12.1.202409122256/db/plugins/mcufinder/reactClient1/index.html
2024-12-03 08:07:02,467 [INFO] UserAuth:417 - Internet connection configuration mode: 1
2024-12-03 08:07:02,746 [INFO] WebApp:186 - Connection restablished
2024-12-03 08:07:03,939 [WARN] PackLoader:240 - Cannot read IP mode file for STMicroelectronics.FP-SNS-MOTENVWB1.1.4.0
2024-12-03 08:07:03,950 [WARN] PackLoader:240 - Cannot read IP mode file for STMicroelectronics.FP-ATR-ASTRA1.2.0.1
2024-12-03 08:07:03,961 [WARN] PackLoader:240 - Cannot read IP mode file for STMicroelectronics.X-CUBE-SMBUS.2.1.0
2024-12-03 08:07:03,973 [WARN] PackLoader:240 - Cannot read IP mode file for STMicroelectronics.X-CUBE-WB05N.1.1.0
2024-12-03 08:07:04,023 [WARN] PackLoader:240 - Cannot read IP mode file for STMicroelectronics.X-CUBE-AZRTOS-F7.1.1.0
2024-12-03 08:07:04,055 [WARN] PackLoader:240 - Cannot read IP mode file for STMicroelectronics.FP-SNS-MOTENV1.4.3.2
2024-12-03 08:07:04,200 [WARN] PackLoader:240 - Cannot read IP mode file for STMicroelectronics.X-CUBE-MEMS1.11.0.0
2024-12-03 08:07:04,559 [WARN] PackLoader:240 - Cannot read IP mode file for STMicroelectronics.X-CUBE-BLE1.6.2.4
2024-12-03 08:07:04,569 [WARN] PackLoader:240 - Cannot read IP mode file for STMicroelectronics.FP-SNS-FLIGHT1.5.0.2
2024-12-03 08:07:04,586 [WARN] PackLoader:240 - Cannot read IP mode file for STMicroelectronics.X-CUBE-DISPLAY.3.0.0
2024-12-03 08:07:04,603 [WARN] PackLoader:240 - Cannot read IP mode file for STMicroelectronics.X-CUBE-BLE1.7.0.0
2024-12-03 08:07:04,624 [WARN] PackLoader:240 - Cannot read IP mode file for STMicroelectronics.X-CUBE-NFC10.1.0.0
2024-12-03 08:07:04,636 [WARN] PackLoader:240 - Cannot read IP mode file for STMicroelectronics.X-CUBE-TOUCHGFX.4.22.1
2024-12-03 08:07:04,654 [WARN] PackLoader:240 - Cannot read IP mode file for STMicroelectronics.X-CUBE-BLEMGR.3.1.0
2024-12-03 08:07:04,665 [WARN] PackLoader:240 - Cannot read IP mode file for STMicroelectronics.FP-SNS-SMARTAG2.1.2.0
2024-12-03 08:07:04,687 [INFO] LogOutputStream:77 - [STDOUT_REDIRECT] 1 : Invalid condition id : UX_CORESTACK_Condition cause : null
2024-12-03 08:07:04,688 [INFO] LogOutputStream:77 - [STDOUT_REDIRECT] 1 : Invalid condition id : UX_CORESTACK_Condition cause : null
2024-12-03 08:07:04,688 [INFO] LogOutputStream:77 - [STDOUT_REDIRECT] 1 : Invalid condition id : UX_CORESTACK_Condition cause : null
2024-12-03 08:07:04,688 [INFO] LogOutputStream:77 - [STDOUT_REDIRECT] 1 : Invalid condition id : UX_CORESTACK_Condition cause : null
2024-12-03 08:07:04,689 [INFO] LogOutputStream:77 - [STDOUT_REDIRECT] 1 : Invalid condition id : UX_CORESTACK_Condition cause : null
2024-12-03 08:07:04,696 [WARN] PackLoader:240 - Cannot read IP mode file for STMicroelectronics.X-CUBE-AZRTOS-WL.2.0.0
2024-12-03 08:07:04,707 [WARN] PackLoader:240 - Cannot read IP mode file for STMicroelectronics.FP-SNS-MOTENV1.5.0.0
2024-12-03 08:07:04,718 [WARN] PackLoader:240 - Cannot read IP mode file for wolfSSL.I-CUBE-wolfMQTT.1.19.0
2024-12-03 08:07:04,744 [WARN] PackLoader:240 - Cannot read IP mode file for WES.I-CUBE-Cesium.1.3.0
2024-12-03 08:07:04,753 [WARN] PackLoader:240 - Cannot read IP mode file for STMicroelectronics.X-CUBE-BLE2.3.3.0
2024-12-03 08:07:04,781 [WARN] PackLoader:240 - Cannot read IP mode file for STMicroelectronics.X-CUBE-TOF1.3.2.0
2024-12-03 08:07:04,810 [WARN] PackLoader:240 - Cannot read IP mode file for STMicroelectronics.X-CUBE-NFC9.1.0.0
2024-12-03 08:07:04,822 [WARN] PackLoader:240 - Cannot read IP mode file for STMicroelectronics.X-CUBE-TCPP.4.1.0
2024-12-03 08:07:04,830 [WARN] PackLoader:240 - Cannot read IP mode file for STMicroelectronics.X-CUBE-TOUCHGFX.4.21.1
2024-12-03 08:07:04,836 [WARN] PackLoader:240 - Cannot read IP mode file for STMicroelectronics.X-CUBE-TOUCHGFX.4.21.3
2024-12-03 08:07:04,843 [WARN] PackLoader:240 - Cannot read IP mode file for STMicroelectronics.X-CUBE-ALGOBUILD.1.3.0
2024-12-03 08:07:04,867 [WARN] PackLoader:240 - Cannot read IP mode file for STMicroelectronics.X-CUBE-AZRTOS-G0.1.1.0
2024-12-03 08:07:04,881 [WARN] PackLoader:240 - Cannot read IP mode file for STMicroelectronics.X-CUBE-SAFEA1.1.2.2
2024-12-03 08:07:04,890 [WARN] PackLoader:240 - Cannot read IP mode file for STMicroelectronics.X-CUBE-NFC4.3.0.0
2024-12-03 08:07:04,923 [WARN] PackLoader:240 - Cannot read IP mode file for EmbeddedOffice.I-CUBE-FS-RTOS.1.0.1
2024-12-03 08:07:04,924 [ERROR] ConditionMgr:805 - Attr not supported : Dmpu
2024-12-03 08:07:04,924 [ERROR] ConditionMgr:805 - Attr not supported : Dmpu
2024-12-03 08:07:04,924 [ERROR] ConditionMgr:805 - Attr not supported : Dmpu
2024-12-03 08:07:04,924 [ERROR] ConditionMgr:805 - Attr not supported : Dmpu
2024-12-03 08:07:04,924 [ERROR] ConditionMgr:805 - Attr not supported : Dmpu
2024-12-03 08:07:04,925 [ERROR] ConditionMgr:805 - Attr not supported : Dmpu
2024-12-03 08:07:04,925 [ERROR] ConditionMgr:805 - Attr not supported : Dmpu
2024-12-03 08:07:04,925 [ERROR] ConditionMgr:805 - Attr not supported : Dmpu
2024-12-03 08:07:04,925 [ERROR] ConditionMgr:805 - Attr not supported : Dmpu
2024-12-03 08:07:04,925 [ERROR] ConditionMgr:805 - Attr not supported : Dmpu
2024-12-03 08:07:04,925 [ERROR] ConditionMgr:805 - Attr not supported : Dmpu
2024-12-03 08:07:04,925 [ERROR] ConditionMgr:805 - Attr not supported : Dmpu
2024-12-03 08:07:04,926 [ERROR] ConditionMgr:805 - Attr not supported : Dmpu
2024-12-03 08:07:04,926 [ERROR] ConditionMgr:805 - Attr not supported : Dmpu
2024-12-03 08:07:04,926 [ERROR] ConditionMgr:805 - Attr not supported : Dmpu
2024-12-03 08:07:04,926 [ERROR] ConditionMgr:805 - Attr not supported : Dmpu
2024-12-03 08:07:04,926 [ERROR] ConditionMgr:805 - Attr not supported : Dmpu
2024-12-03 08:07:04,926 [ERROR] ConditionMgr:805 - Attr not supported : Dmpu
2024-12-03 08:07:04,927 [ERROR] ConditionMgr:805 - Attr not supported : Dmpu
2024-12-03 08:07:04,927 [ERROR] ConditionMgr:805 - Attr not supported : Dmpu
2024-12-03 08:07:04,927 [ERROR] ConditionMgr:805 - Attr not supported : Dmpu
2024-12-03 08:07:04,927 [ERROR] ConditionMgr:805 - Attr not supported : Dmpu
2024-12-03 08:07:04,927 [ERROR] ConditionMgr:805 - Attr not supported : Dmpu
2024-12-03 08:07:04,927 [ERROR] ConditionMgr:805 - Attr not supported : Dmpu
2024-12-03 08:07:04,927 [ERROR] ConditionMgr:805 - Attr not supported : Dmpu
2024-12-03 08:07:04,928 [ERROR] ConditionMgr:805 - Attr not supported : Dmpu
2024-12-03 08:07:04,928 [ERROR] ConditionMgr:805 - Attr not supported : Dmpu
2024-12-03 08:07:04,928 [ERROR] ConditionMgr:805 - Attr not supported : Dmpu
2024-12-03 08:07:04,928 [ERROR] ConditionMgr:805 - Attr not supported : Dmpu
2024-12-03 08:07:04,928 [ERROR] ConditionMgr:805 - Attr not supported : Dmpu
2024-12-03 08:07:04,928 [ERROR] ConditionMgr:805 - Attr not supported : Dmpu
2024-12-03 08:07:04,929 [ERROR] ConditionMgr:805 - Attr not supported : Dmpu
2024-12-03 08:07:04,929 [ERROR] ConditionMgr:805 - Attr not supported : Dmpu
2024-12-03 08:07:04,929 [ERROR] ConditionMgr:805 - Attr not supported : Dmpu
2024-12-03 08:07:04,929 [ERROR] ConditionMgr:805 - Attr not supported : Dmpu
2024-12-03 08:07:04,929 [ERROR] ConditionMgr:805 - Attr not supported : Dmpu
2024-12-03 08:07:04,929 [ERROR] ConditionMgr:805 - Attr not supported : Dmpu
2024-12-03 08:07:04,930 [ERROR] ConditionMgr:805 - Attr not supported : Dmpu
2024-12-03 08:07:04,930 [ERROR] ConditionMgr:805 - Attr not supported : Dmpu
2024-12-03 08:07:04,930 [ERROR] ConditionMgr:805 - Attr not supported : Dmpu
2024-12-03 08:07:04,930 [ERROR] ConditionMgr:805 - Attr not supported : Dmpu
2024-12-03 08:07:04,930 [ERROR] ConditionMgr:805 - Attr not supported : Dmpu
2024-12-03 08:07:04,930 [ERROR] ConditionMgr:805 - Attr not supported : Dmpu
2024-12-03 08:07:04,931 [ERROR] ConditionMgr:805 - Attr not supported : Dmpu
2024-12-03 08:07:04,931 [ERROR] ConditionMgr:805 - Attr not supported : Dmpu
2024-12-03 08:07:04,931 [ERROR] ConditionMgr:805 - Attr not supported : Dmpu
2024-12-03 08:07:04,931 [ERROR] ConditionMgr:805 - Attr not supported : Dmpu
2024-12-03 08:07:04,931 [ERROR] ConditionMgr:805 - Attr not supported : Dmpu
2024-12-03 08:07:04,931 [ERROR] ConditionMgr:805 - Attr not supported : Dmpu
2024-12-03 08:07:04,931 [ERROR] ConditionMgr:805 - Attr not supported : Dmpu
2024-12-03 08:07:04,932 [ERROR] ConditionMgr:805 - Attr not supported : Dmpu
2024-12-03 08:07:04,932 [ERROR] ConditionMgr:805 - Attr not supported : Dmpu
2024-12-03 08:07:04,932 [ERROR] ConditionMgr:805 - Attr not supported : Dmpu
2024-12-03 08:07:04,932 [ERROR] ConditionMgr:805 - Attr not supported : Dmpu
2024-12-03 08:07:04,932 [ERROR] ConditionMgr:805 - Attr not supported : Dmpu
2024-12-03 08:07:04,932 [ERROR] ConditionMgr:805 - Attr not supported : Dmpu
2024-12-03 08:07:04,932 [ERROR] ConditionMgr:805 - Attr not supported : Dmpu
2024-12-03 08:07:04,933 [ERROR] ConditionMgr:805 - Attr not supported : Dmpu
2024-12-03 08:07:04,933 [ERROR] ConditionMgr:805 - Attr not supported : Dmpu
2024-12-03 08:07:04,933 [ERROR] ConditionMgr:805 - Attr not supported : Dmpu
2024-12-03 08:07:04,933 [ERROR] ConditionMgr:805 - Attr not supported : Dmpu
2024-12-03 08:07:04,933 [ERROR] ConditionMgr:805 - Attr not supported : Dmpu
2024-12-03 08:07:04,933 [ERROR] ConditionMgr:805 - Attr not supported : Dmpu
2024-12-03 08:07:04,933 [ERROR] ConditionMgr:805 - Attr not supported : Dmpu
2024-12-03 08:07:04,951 [WARN] PackLoader:240 - Cannot read IP mode file for STMicroelectronics.X-CUBE-BLEMGR.3.0.0
2024-12-03 08:07:04,959 [WARN] PackLoader:240 - Cannot read IP mode file for RealThread.X-CUBE-RT-Thread_Nano.4.1.1
2024-12-03 08:07:04,963 [WARN] PackLoader:240 - Cannot read IP mode file for STMicroelectronics.FP-ATR-SIGFOX1.3.2.0
2024-12-03 08:07:04,969 [WARN] ConditionMgr:438 - getConditionDescription Invalid condition id : Cortex-A Device cause : null
2024-12-03 08:07:04,986 [WARN] ConditionMgr:1039 - genDependencies : Invalid condition id : Cortex-A Device cause : null
2024-12-03 08:07:04,986 [WARN] ConditionMgr:1039 - genDependencies : Invalid condition id : Cortex-A Device cause : null
2024-12-03 08:07:04,986 [WARN] ConditionMgr:1039 - genDependencies : Invalid condition id : Cortex-A Device cause : null
2024-12-03 08:07:04,993 [WARN] PackLoader:240 - Cannot read IP mode file for STMicroelectronics.X-CUBE-EEPRMA1.5.1.0
2024-12-03 08:07:05,060 [WARN] PackLoader:240 - Cannot read IP mode file for STMicroelectronics.X-CUBE-MEMS1.9.5.0
2024-12-03 08:07:05,355 [WARN] PackLoader:240 - Cannot read IP mode file for SEGGER.I-CUBE-embOS.1.3.1
2024-12-03 08:07:05,427 [WARN] PackLoader:240 - Cannot read IP mode file for STMicroelectronics.X-CUBE-ALGOBUILD.1.4.0
2024-12-03 08:07:05,436 [WARN] PackLoader:240 - Cannot read IP mode file for STMicroelectronics.X-CUBE-AI.9.1.0
2024-12-03 08:07:05,445 [WARN] PackLoader:240 - Cannot read IP mode file for STMicroelectronics.X-CUBE-GNSS1.6.0.0
2024-12-03 08:07:05,494 [WARN] PackLoader:240 - Cannot read IP mode file for STMicroelectronics.X-CUBE-AZRTOS-F4.1.1.0
2024-12-03 08:07:05,507 [WARN] PackLoader:240 - Cannot read IP mode file for STMicroelectronics.X-CUBE-ISPU.2.1.0
2024-12-03 08:07:05,516 [WARN] PackLoader:240 - Cannot read IP mode file for STMicroelectronics.X-CUBE-FREERTOS.1.2.0
2024-12-03 08:07:05,565 [WARN] PackLoader:240 - Cannot read IP mode file for STMicroelectronics.X-CUBE-AZRTOS-L5.2.0.0
2024-12-03 08:07:05,673 [WARN] PackLoader:240 - Cannot read IP mode file for STMicroelectronics.X-CUBE-MEMS1.9.6.0
2024-12-03 08:07:05,981 [WARN] PackLoader:240 - Cannot read IP mode file for STMicroelectronics.X-CUBE-EEPRMA1.4.2.0
2024-12-03 08:07:05,998 [WARN] PackLoader:240 - Cannot read IP mode file for STMicroelectronics.X-CUBE-NFC6.3.1.0
2024-12-03 08:07:06,010 [WARN] PackLoader:240 - Cannot read IP mode file for ITTIA_DB.I-CUBE-ITTIADB.8.8.0
2024-12-03 08:07:06,021 [WARN] PackLoader:240 - Cannot read IP mode file for emotas.I-CUBE-CANOPEN.1.1.3
2024-12-03 08:07:06,038 [WARN] PackLoader:240 - Cannot read IP mode file for STMicroelectronics.X-CUBE-BLEMGR.2.0.0
2024-12-03 08:07:06,053 [WARN] PackLoader:240 - Cannot read IP mode file for STMicroelectronics.X-CUBE-DPower.1.2.0
2024-12-03 08:07:06,059 [WARN] PackLoader:240 - Cannot read IP mode file for STMicroelectronics.X-CUBE-AI.9.0.0
2024-12-03 08:07:06,092 [WARN] ConditionMgr:438 - getConditionDescription Invalid condition id : UX DEVICE CLASS RTOS Condition cause : null
2024-12-03 08:07:06,093 [WARN] ConditionMgr:438 - getConditionDescription Invalid condition id : UX DEVICE CLASS RTOS Condition cause : null
2024-12-03 08:07:06,100 [WARN] PackLoader:240 - Cannot read IP mode file for STMicroelectronics.X-CUBE-AZRTOS-H7.3.1.0
2024-12-03 08:07:06,101 [WARN] ConditionMgr:1039 - genDependencies : Invalid condition id : UX DEVICE CLASS RTOS Condition cause : null
2024-12-03 08:07:06,102 [WARN] ConditionMgr:1039 - genDependencies : Invalid condition id : UX DEVICE CLASS RTOS Condition cause : null
2024-12-03 08:07:06,103 [WARN] ConditionMgr:1039 - genDependencies : Invalid condition id : UX DEVICE CLASS RTOS Condition cause : null
2024-12-03 08:07:06,103 [WARN] ConditionMgr:1039 - genDependencies : Invalid condition id : UX DEVICE CLASS RTOS Condition cause : null
2024-12-03 08:07:06,104 [WARN] ConditionMgr:1039 - genDependencies : Invalid condition id : UX DEVICE CLASS RTOS Condition cause : null
2024-12-03 08:07:06,113 [WARN] PackLoader:240 - Cannot read IP mode file for wolfSSL.I-CUBE-wolfSSL.5.5.4
2024-12-03 08:07:06,121 [WARN] PackLoader:240 - Cannot read IP mode file for STMicroelectronics.X-CUBE-NFC7.1.0.1
2024-12-03 08:07:06,133 [WARN] PackLoader:240 - Cannot read IP mode file for STMicroelectronics.X-CUBE-NFC7.1.0.0
2024-12-03 08:07:06,147 [WARN] PackLoader:240 - Cannot read IP mode file for STMicroelectronics.X-CUBE-NFC6.3.0.0
2024-12-03 08:07:06,157 [WARN] PackLoader:240 - Cannot read IP mode file for STMicroelectronics.X-CUBE-EEPRMA1.4.1.0
2024-12-03 08:07:06,163 [WARN] PackLoader:240 - Cannot read IP mode file for STMicroelectronics.X-CUBE-AI.8.1.0
2024-12-03 08:07:06,219 [WARN] ConditionMgr:438 - getConditionDescription Invalid condition id : LAN8742 Phy interface Condition cause : null
2024-12-03 08:07:06,220 [WARN] PackLoader:240 - Cannot read IP mode file for STMicroelectronics.X-CUBE-AZRTOS-L4.2.0.0
2024-12-03 08:07:06,222 [WARN] ConditionMgr:1039 - genDependencies : Invalid condition id : LAN8742 Phy interface Condition cause : null
2024-12-03 08:07:06,222 [WARN] ConditionMgr:1039 - genDependencies : Invalid condition id : LAN8742 Phy interface Condition cause : null
2024-12-03 08:07:06,224 [WARN] ConditionMgr:1039 - genDependencies : Invalid condition id : LAN8742 Phy interface Condition cause : null
2024-12-03 08:07:06,245 [WARN] PackLoader:240 - Cannot read IP mode file for STMicroelectronics.X-CUBE-SFXS2LP1.4.0.0
2024-12-03 08:07:06,287 [WARN] PackLoader:240 - Cannot read IP mode file for STMicroelectronics.X-CUBE-AZRTOS-H7.3.0.0
2024-12-03 08:07:06,298 [WARN] PackLoader:240 - Cannot read IP mode file for STMicroelectronics.X-CUBE-ISPU.1.1.0
2024-12-03 08:07:06,342 [WARN] PackLoader:240 - Cannot read IP mode file for STMicroelectronics.X-CUBE-AZRTOS-H7.3.3.0
2024-12-03 08:07:06,358 [WARN] PackLoader:240 - Cannot read IP mode file for RoweBots.I-CUBE-UNISONRTOS.5.5.0-4
2024-12-03 08:07:06,364 [WARN] PackLoader:240 - Cannot read IP mode file for STMicroelectronics.X-CUBE-AI.8.0.0
2024-12-03 08:07:06,387 [WARN] PackLoader:240 - Cannot read IP mode file for STMicroelectronics.X-CUBE-IPS.3.0.0
2024-12-03 08:07:06,414 [WARN] ConditionMgr:438 - getConditionDescription Invalid condition id : UX DEVICE CLASS RTOS Condition cause : null
2024-12-03 08:07:06,415 [WARN] ConditionMgr:438 - getConditionDescription Invalid condition id : UX DEVICE CLASS RTOS Condition cause : null
2024-12-03 08:07:06,420 [WARN] PackLoader:240 - Cannot read IP mode file for STMicroelectronics.X-CUBE-AZRTOS-WB.2.0.0
2024-12-03 08:07:06,422 [WARN] ConditionMgr:1039 - genDependencies : Invalid condition id : UX DEVICE CLASS RTOS Condition cause : null
2024-12-03 08:07:06,422 [WARN] ConditionMgr:1039 - genDependencies : Invalid condition id : UX DEVICE CLASS RTOS Condition cause : null
2024-12-03 08:07:06,424 [WARN] ConditionMgr:1039 - genDependencies : Invalid condition id : UX DEVICE CLASS RTOS Condition cause : null
2024-12-03 08:07:06,425 [WARN] ConditionMgr:1039 - genDependencies : Invalid condition id : UX DEVICE CLASS RTOS Condition cause : null
2024-12-03 08:07:06,425 [WARN] ConditionMgr:1039 - genDependencies : Invalid condition id : UX DEVICE CLASS RTOS Condition cause : null
2024-12-03 08:07:06,436 [WARN] PackLoader:240 - Cannot read IP mode file for STMicroelectronics.X-CUBE-FREERTOS.1.0.0
2024-12-03 08:07:06,443 [WARN] PackLoader:240 - Cannot read IP mode file for STMicroelectronics.X-CUBE-GNSS1.7.0.0
2024-12-03 08:07:06,453 [WARN] PackLoader:240 - Cannot read IP mode file for STMicroelectronics.FP-SNS-STBOX1.2.0.0
2024-12-03 08:07:06,490 [WARN] PackLoader:240 - Cannot read IP mode file for STMicroelectronics.X-CUBE-AZRTOS-L5.1.1.0
2024-12-03 08:07:06,511 [WARN] PackLoader:240 - Cannot read IP mode file for STMicroelectronics.X-CUBE-SUBG2.5.0.0
2024-12-03 08:07:06,523 [WARN] PackLoader:240 - Cannot read IP mode file for Cesanta.I-CUBE-Mongoose.7.13.0
2024-12-03 08:07:06,549 [WARN] PackLoader:240 - Cannot read IP mode file for STMicroelectronics.X-CUBE-TOF1.3.3.1
2024-12-03 08:07:06,593 [WARN] PackLoader:240 - Cannot read IP mode file for STMicroelectronics.X-CUBE-AZRTOS-G4.2.0.0
2024-12-03 08:07:06,611 [WARN] PackLoader:240 - Cannot read IP mode file for STMicroelectronics.X-CUBE-TOF1.3.3.0
2024-12-03 08:07:06,629 [WARN] PackLoader:240 - Cannot read IP mode file for STMicroelectronics.FP-ATR-ASTRA1.1.1.1
2024-12-03 08:07:06,682 [WARN] PackLoader:240 - Cannot read IP mode file for Infineon.AIROC-Wi-Fi-Bluetooth-STM32.1.5.1
2024-12-03 08:07:06,698 [WARN] PackLoader:240 - Cannot read IP mode file for STMicroelectronics.FP-SNS-MOTENVWB1.1.3.0
2024-12-03 08:07:06,714 [WARN] PackLoader:240 - Cannot read IP mode file for STMicroelectronics.X-CUBE-AZRTOS-G4.1.0.0
2024-12-03 08:07:06,760 [WARN] PackLoader:240 - Cannot read IP mode file for STMicroelectronics.X-CUBE-AZRTOS-L4.1.0.0
2024-12-03 08:07:06,767 [WARN] PackLoader:240 - Cannot read IP mode file for STMicroelectronics.X-CUBE-ISPU.2.0.0
2024-12-03 08:07:06,772 [WARN] PackLoader:240 - Cannot read IP mode file for STMicroelectronics.X-CUBE-ALS.1.0.2
2024-12-03 08:07:06,842 [WARN] PackLoader:240 - Cannot read IP mode file for STMicroelectronics.X-CUBE-MEMS1.10.0.0
2024-12-03 08:07:07,043 [WARN] PackLoader:240 - Cannot read IP mode file for STMicroelectronics.X-CUBE-FREERTOS.1.1.0
2024-12-03 08:07:07,065 [WARN] PackLoader:240 - Cannot read IP mode file for STMicroelectronics.X-CUBE-TOUCHGFX.4.24.0
2024-12-03 08:07:07,089 [WARN] PackLoader:240 - Cannot read IP mode file for STMicroelectronics.X-CUBE-AZRTOS-WL.1.0.0
2024-12-03 08:07:07,102 [WARN] PackLoader:240 - Cannot read IP mode file for STMicroelectronics.X-CUBE-TOUCHGFX.4.24.1
2024-12-03 08:07:07,139 [WARN] PackLoader:240 - Cannot read IP mode file for wolfSSL.I-CUBE-wolfTPM.3.4.0
2024-12-03 08:07:07,196 [WARN] PackLoader:240 - Cannot read IP mode file for portGmbH.I-Cube-SoM-uGOAL.1.1.0
2024-12-03 08:07:07,214 [WARN] PackLoader:240 - Cannot read IP mode file for STMicroelectronics.X-CUBE-ALS.1.0.1
2024-12-03 08:07:07,240 [WARN] PackLoader:240 - Cannot read IP mode file for STMicroelectronics.X-CUBE-AZRTOS-WB.1.1.0
2024-12-03 08:07:07,288 [WARN] PackLoader:240 - Cannot read IP mode file for STMicroelectronics.X-CUBE-AZRTOS-H7RS.1.0.0
2024-12-03 08:07:07,311 [WARN] PackLoader:240 - Cannot read IP mode file for STMicroelectronics.FP-ATR-ASTRA1.2.0.0
2024-12-03 08:07:07,336 [WARN] PackLoader:240 - Cannot read IP mode file for STMicroelectronics.X-CUBE-TOF1.3.4.2
2024-12-03 08:07:07,374 [WARN] PackLoader:240 - Cannot read IP mode file for STMicroelectronics.X-CUBE-TOF1.3.4.0
2024-12-03 08:07:07,424 [WARN] PackLoader:240 - Cannot read IP mode file for wolfSSL.I-CUBE-wolfSSH.1.4.17
2024-12-03 08:07:07,425 [INFO] ThirdParty:978 - Integrity check success = true
2024-12-03 08:07:07,425 [INFO] IntegrityCheckThread:100 - exiting critical section [integrity check]
2024-12-03 08:07:07,425 [INFO] IntegrityCheckThread:103 - End integrity checks thread
2024-12-03 08:07:07,428 [ERROR] LogOutputStream:75 - [STDERR_REDIRECT] [Fatal Error] :2:10: DOCTYPE is disallowed when the feature "http://apache.org/xml/features/disallow-doctype-decl" set to true.
2024-12-03 08:07:07,428 [ERROR] LogOutputStream:75 - [STDERR_REDIRECT] 
